<?xml version="1.0" encoding="utf-8"?><testsuites name="pytest tests"><testsuite name="pytest" errors="0" failures="0" skipped="0" tests="34" time="15.599" timestamp="2026-07-16T17:07:38.135103+00:00" hostname="agent-env-a51539a3-0ab4-41ec-ab65-1c9bbd0bf193"><testcase classname="tests.backend_test.TestPublic" name="test_root" time="0.133" /><testcase classname="tests.backend_test.TestPublic" name="test_stats" time="0.114" /><testcase classname="tests.backend_test.TestPublic" name="test_list_jobs" time="0.104" /><testcase classname="tests.backend_test.TestPublic" name="test_featured_jobs" time="0.164" /><testcase classname="tests.backend_test.TestPublic" name="test_job_filters" time="0.332" /><testcase classname="tests.backend_test.TestAuth" name="test_login_success" time="0.329" /><testcase classname="tests.backend_test.TestAuth" name="test_login_invalid" time="0.323" /><testcase classname="tests.backend_test.TestAuth" name="test_register_student" time="0.331" /><testcase classname="tests.backend_test.TestAuth" name="test_register_duplicate" time="0.116" /><testcase classname="tests.backend_test.TestAuth" name="test_me_requires_auth" time="0.107" /><testcase classname="tests.backend_test.TestAuth" name="test_me_with_token" time="0.452" /><testcase classname="tests.backend_test.TestAuth" name="test_logout" time="0.443" /><testcase classname="tests.backend_test.TestProfile" name="test_update_profile_persists" time="0.491" /><testcase classname="tests.backend_test.TestProfile" name="test_public_profile" time="0.496" /><testcase classname="tests.backend_test.TestProfile" name="test_public_profile_404" time="0.121" /><testcase classname="tests.backend_test.TestJobFlow" name="test_full_flow" time="1.974" /><testcase classname="tests.backend_test.TestJobFlow" name="test_student_cannot_post_job" time="0.427" /><testcase classname="tests.backend_test.TestJobFlow" name="test_client_cannot_apply" time="0.550" /><testcase classname="tests.backend_test.TestJobFlow" name="test_job_not_found" time="0.120" /><testcase classname="tests.test_p1.TestRefreshToken" name="test_refresh_success" time="0.588" /><testcase classname="tests.test_p1.TestRefreshToken" name="test_refresh_with_access_token_rejected" time="0.500" /><testcase classname="tests.test_p1.TestRefreshToken" name="test_refresh_no_token" time="0.121" /><testcase classname="tests.test_p1.TestRefreshToken" name="test_refresh_invalid_token" time="0.098" /><testcase classname="tests.test_p1.TestPasswordReset" name="test_full_reset_flow" time="1.559" /><testcase classname="tests.test_p1.TestPasswordReset" name="test_reset_invalid_token" time="0.125" /><testcase classname="tests.test_p1.TestPasswordReset" name="test_reset_used_token" time="0.589" /><testcase classname="tests.test_p1.TestPasswordReset" name="test_forgot_unknown_email" time="0.125" /><testcase classname="tests.test_p1.TestFileUpload" name="test_upload_resume_and_download" time="1.245" /><testcase classname="tests.test_p1.TestFileUpload" name="test_upload_rejects_bad_ext" time="0.481" /><testcase classname="tests.test_p1.TestFileUpload" name="test_upload_rejects_large" time="0.799" /><testcase classname="tests.test_p1.TestFileUpload" name="test_upload_unauthenticated" time="0.092" /><testcase classname="tests.test_p1.TestAiMatching" name="test_student_matches_and_cache" time="0.585" /><testcase classname="tests.test_p1.TestAiMatching" name="test_incomplete_profile" time="0.469" /><testcase classname="tests.test_p1.TestAiMatching" name="test_client_rank_applicants_and_rbac" time="1.026" /></testsuite></testsuites>