<?xml version="1.0" encoding="utf-8"?><testsuites name="pytest tests"><testsuite name="pytest" errors="0" failures="1" skipped="0" tests="15" time="15.349" timestamp="2026-07-16T17:06:55.697742+00:00" hostname="agent-env-a51539a3-0ab4-41ec-ab65-1c9bbd0bf193"><testcase classname="tests.test_p1.TestPasswordReset" name="test_full_reset_flow" time="2.194" /><testcase classname="tests.test_p1.TestRefreshToken" name="test_refresh_success" time="1.142" /><testcase classname="tests.test_p1.TestRefreshToken" name="test_refresh_with_access_token_rejected" time="0.377"><failure message="AssertionError: {&quot;detail&quot;:&quot;Invalid email or password&quot;}&#10;assert 401 == 200&#10; +  where 401 = &lt;Response [401]&gt;.status_code">backend/tests/test_p1.py:45: in test_refresh_with_access_token_rejected
    d = _login(STUDENT_EMAIL, STUDENT_PASSWORD)
        ^^^^^^^^^^^^^^^^^^^^^^^^^^^^^^^^^^^^^^^
backend/tests/test_p1.py:21: in _login
    assert r.status_code == 200, r.text
E   AssertionError: {"detail":"Invalid email or password"}
E   assert 401 == 200
E    +  where 401 = &lt;Response [401]&gt;.status_code</failure></testcase><testcase classname="tests.test_p1.TestRefreshToken" name="test_refresh_no_token" time="0.232" /><testcase classname="tests.test_p1.TestRefreshToken" name="test_refresh_invalid_token" time="0.106" /><testcase classname="tests.test_p1.TestFileUpload" name="test_upload_resume_and_download" time="1.625" /><testcase classname="tests.test_p1.TestPasswordReset" name="test_reset_invalid_token" time="0.221" /><testcase classname="tests.test_p1.TestPasswordReset" name="test_reset_used_token" time="0.903" /><testcase classname="tests.test_p1.TestPasswordReset" name="test_forgot_unknown_email" time="0.171" /><testcase classname="tests.test_p1.TestAiMatching" name="test_student_matches_and_cache" time="7.440" /><testcase classname="tests.test_p1.TestFileUpload" name="test_upload_rejects_bad_ext" time="2.088" /><testcase classname="tests.test_p1.TestFileUpload" name="test_upload_rejects_large" time="0.988" /><testcase classname="tests.test_p1.TestFileUpload" name="test_upload_unauthenticated" time="0.141" /><testcase classname="tests.test_p1.TestAiMatching" name="test_incomplete_profile" time="0.480" /><testcase classname="tests.test_p1.TestAiMatching" name="test_client_rank_applicants_and_rbac" time="3.348" /></testsuite></testsuites>