<?xml version="1.0" encoding="utf-8"?><testsuites name="pytest tests"><testsuite name="pytest" errors="0" failures="0" skipped="0" tests="19" time="6.020" timestamp="2026-07-16T16:52:15.630229+00:00" hostname="agent-env-a51539a3-0ab4-41ec-ab65-1c9bbd0bf193"><testcase classname="tests.backend_test.TestPublic" name="test_root" time="0.284" /><testcase classname="tests.backend_test.TestAuth" name="test_login_success" time="0.550" /><testcase classname="tests.backend_test.TestPublic" name="test_stats" time="0.265" /><testcase classname="tests.backend_test.TestPublic" name="test_list_jobs" time="0.112" /><testcase classname="tests.backend_test.TestAuth" name="test_login_invalid" time="0.393" /><testcase classname="tests.backend_test.TestPublic" name="test_featured_jobs" time="0.268" /><testcase classname="tests.backend_test.TestPublic" name="test_job_filters" time="0.535" /><testcase classname="tests.backend_test.TestAuth" name="test_register_student" time="0.351" /><testcase classname="tests.backend_test.TestAuth" name="test_register_duplicate" time="0.121" /><testcase classname="tests.backend_test.TestAuth" name="test_me_requires_auth" time="0.107" /><testcase classname="tests.backend_test.TestJobFlow" name="test_full_flow" time="2.682" /><testcase classname="tests.backend_test.TestAuth" name="test_me_with_token" time="0.572" /><testcase classname="tests.backend_test.TestAuth" name="test_logout" time="0.405" /><testcase classname="tests.backend_test.TestProfile" name="test_update_profile_persists" time="0.610" /><testcase classname="tests.backend_test.TestProfile" name="test_public_profile" time="0.569" /><testcase classname="tests.backend_test.TestProfile" name="test_public_profile_404" time="0.149" /><testcase classname="tests.backend_test.TestJobFlow" name="test_student_cannot_post_job" time="0.470" /><testcase classname="tests.backend_test.TestJobFlow" name="test_client_cannot_apply" time="0.633" /><testcase classname="tests.backend_test.TestJobFlow" name="test_job_not_found" time="0.118" /></testsuite></testsuites>